yarn run v1.22.10
$ npm-run-all -p watch-css start-js
$ node scripts/start.js
$ npm run build-css && node-sass-chokidar src/ -o src/ --watch --recursive

> dashboard@0.1.0 build-css /home/hicup/Documents/famnit/stm
> node-sass-chokidar --include-path ./src --include-path ./node_modules src/ -o src/

Starting the development server...

Compiled with warnings.

./src/index.js
  Line 11:  'AsyncDropdowns' is assigned a value but never used    no-unused-vars
  Line 12:  'AsyncRangePicker' is assigned a value but never used  no-unused-vars
  Line 13:  'AsyncInput' is assigned a value but never used        no-unused-vars
  Line 14:  'AsyncCalendar' is assigned a value but never used     no-unused-vars
  Line 15:  'AsyncChart' is assigned a value but never used        no-unused-vars
  Line 16:  'AsyncLayout' is assigned a value but never used       no-unused-vars

./src/App.js
  Line 6:  'Footer' is defined but never used  no-unused-vars

./src/pages/DashboardPage/Dashboard.js
  Line 3:    'LineChartComponent' is defined but never used  no-unused-vars
  Line 4:    'FullCalendar' is defined but never used        no-unused-vars
  Line 481:  Expected '===' and instead saw '=='             eqeqeq
  Line 537:  Expected '===' and instead saw '=='             eqeqeq
  Line 538:  Expected '===' and instead saw '=='             eqeqeq
  Line 539:  Expected '===' and instead saw '=='             eqeqeq

./src/components/TopMenu/TopMenu.js
  Line 3:  'Dropdown' is defined but never used      no-unused-vars
  Line 5:  'MyMenu' is defined but never used        no-unused-vars
  Line 6:  'Notification' is defined but never used  no-unused-vars

./src/components/Calendar/FullCalendar.js
  Line 1:  'useState' is defined but never used  no-unused-vars
  Line 6:  'events' is defined but never used    no-unused-vars

./src/components/Modal/Modal.js
  Line 18:  'show' is assigned a value but never used  no-unused-vars
  Line 28:  Expected '===' and instead saw '=='        eqeqeq

./src/components/MultipleDropdown/MultipleDropdown.js
  Line 9:   'stateOptions' is assigned a value but never used  no-unused-vars
  Line 40:  Expected '===' and instead saw '=='                eqeqeq
  Line 47:  Expected '===' and instead saw '=='                eqeqeq
  Line 74:  Expected '===' and instead saw '=='                eqeqeq
  Line 81:  Expected '!==' and instead saw '!='                eqeqeq

./src/components/ScatterPlot/ScatterPlot.js
  Line 1:   'useState' is defined but never used            no-unused-vars
  Line 2:   'area' is defined but never used                no-unused-vars
  Line 3:   'ScatterPlot' is defined but never used         no-unused-vars
  Line 4:   'Bar' is defined but never used                 no-unused-vars
  Line 6:   'barColor' is assigned a value but never used   no-unused-vars
  Line 8:   'areaColor' is assigned a value but never used  no-unused-vars
  Line 21:  Expected '===' and instead saw '=='             eqeqeq
  Line 27:  Expected '===' and instead saw '=='             eqeqeq
  Line 33:  Expected '===' and instead saw '=='             eqeqeq
  Line 46:  Expected '===' and instead saw '=='             eqeqeq
  Line 59:  Expected '===' and instead saw '=='             eqeqeq
  Line 72:  Expected '===' and instead saw '=='             eqeqeq

Search for the keywords to learn more about each warning.
To ignore, add // eslint-disable-next-line to the line before.

Compiling...
Compiled with warnings.

./src/index.js
  Line 11:  'AsyncDropdowns' is assigned a value but never used    no-unused-vars
  Line 12:  'AsyncRangePicker' is assigned a value but never used  no-unused-vars
  Line 13:  'AsyncInput' is assigned a value but never used        no-unused-vars
  Line 14:  'AsyncCalendar' is assigned a value but never used     no-unused-vars
  Line 15:  'AsyncChart' is assigned a value but never used        no-unused-vars
  Line 16:  'AsyncLayout' is assigned a value but never used       no-unused-vars

./src/App.js
  Line 6:  'Footer' is defined but never used  no-unused-vars

./src/pages/DashboardPage/Dashboard.js
  Line 3:    'LineChartComponent' is defined but never used  no-unused-vars
  Line 4:    'FullCalendar' is defined but never used        no-unused-vars
  Line 481:  Expected '===' and instead saw '=='             eqeqeq
  Line 537:  Expected '===' and instead saw '=='             eqeqeq
  Line 538:  Expected '===' and instead saw '=='             eqeqeq
  Line 539:  Expected '===' and instead saw '=='             eqeqeq

./src/components/TopMenu/TopMenu.js
  Line 3:  'Dropdown' is defined but never used      no-unused-vars
  Line 5:  'MyMenu' is defined but never used        no-unused-vars
  Line 6:  'Notification' is defined but never used  no-unused-vars

./src/components/Calendar/FullCalendar.js
  Line 1:  'useState' is defined but never used  no-unused-vars
  Line 6:  'events' is defined but never used    no-unused-vars

./src/components/ScatterPlot/ScatterPlot.js
  Line 1:   'useState' is defined but never used            no-unused-vars
  Line 2:   'area' is defined but never used                no-unused-vars
  Line 3:   'ScatterPlot' is defined but never used         no-unused-vars
  Line 4:   'Bar' is defined but never used                 no-unused-vars
  Line 6:   'barColor' is assigned a value but never used   no-unused-vars
  Line 8:   'areaColor' is assigned a value but never used  no-unused-vars
  Line 21:  Expected '===' and instead saw '=='             eqeqeq
  Line 27:  Expected '===' and instead saw '=='             eqeqeq
  Line 33:  Expected '===' and instead saw '=='             eqeqeq
  Line 46:  Expected '===' and instead saw '=='             eqeqeq
  Line 59:  Expected '===' and instead saw '=='             eqeqeq
  Line 72:  Expected '===' and instead saw '=='             eqeqeq

./src/components/MultipleDropdown/MultipleDropdown.js
  Line 9:   'stateOptions' is assigned a value but never used  no-unused-vars
  Line 40:  Expected '===' and instead saw '=='                eqeqeq
  Line 47:  Expected '===' and instead saw '=='                eqeqeq
  Line 74:  Expected '===' and instead saw '=='                eqeqeq
  Line 81:  Expected '!==' and instead saw '!='                eqeqeq

./src/components/Modal/Modal.js
  Line 18:  'show' is assigned a value but never used  no-unused-vars
  Line 28:  Expected '===' and instead saw '=='        eqeqeq

Search for the keywords to learn more about each warning.
To ignore, add // eslint-disable-next-line to the line before.

Compiling...
Compiled with warnings.

./src/index.js
  Line 11:  'AsyncDropdowns' is assigned a value but never used    no-unused-vars
  Line 12:  'AsyncRangePicker' is assigned a value but never used  no-unused-vars
  Line 13:  'AsyncInput' is assigned a value but never used        no-unused-vars
  Line 14:  'AsyncCalendar' is assigned a value but never used     no-unused-vars
  Line 15:  'AsyncChart' is assigned a value but never used        no-unused-vars
  Line 16:  'AsyncLayout' is assigned a value but never used       no-unused-vars

./src/App.js
  Line 6:  'Footer' is defined but never used  no-unused-vars

./src/pages/DashboardPage/Dashboard.js
  Line 3:    'LineChartComponent' is defined but never used  no-unused-vars
  Line 4:    'FullCalendar' is defined but never used        no-unused-vars
  Line 481:  Expected '===' and instead saw '=='             eqeqeq
  Line 537:  Expected '===' and instead saw '=='             eqeqeq
  Line 538:  Expected '===' and instead saw '=='             eqeqeq
  Line 539:  Expected '===' and instead saw '=='             eqeqeq

./src/components/TopMenu/TopMenu.js
  Line 3:  'Dropdown' is defined but never used      no-unused-vars
  Line 5:  'MyMenu' is defined but never used        no-unused-vars
  Line 6:  'Notification' is defined but never used  no-unused-vars

./src/components/Calendar/FullCalendar.js
  Line 1:  'useState' is defined but never used  no-unused-vars
  Line 6:  'events' is defined but never used    no-unused-vars

./src/components/ScatterPlot/ScatterPlot.js
  Line 1:   'useState' is defined but never used            no-unused-vars
  Line 2:   'area' is defined but never used                no-unused-vars
  Line 3:   'ScatterPlot' is defined but never used         no-unused-vars
  Line 4:   'Bar' is defined but never used                 no-unused-vars
  Line 6:   'barColor' is assigned a value but never used   no-unused-vars
  Line 8:   'areaColor' is assigned a value but never used  no-unused-vars
  Line 21:  Expected '===' and instead saw '=='             eqeqeq
  Line 27:  Expected '===' and instead saw '=='             eqeqeq
  Line 33:  Expected '===' and instead saw '=='             eqeqeq
  Line 46:  Expected '===' and instead saw '=='             eqeqeq
  Line 59:  Expected '===' and instead saw '=='             eqeqeq
  Line 72:  Expected '===' and instead saw '=='             eqeqeq

./src/components/MultipleDropdown/MultipleDropdown.js
  Line 9:   'stateOptions' is assigned a value but never used  no-unused-vars
  Line 40:  Expected '===' and instead saw '=='                eqeqeq
  Line 47:  Expected '===' and instead saw '=='                eqeqeq
  Line 74:  Expected '===' and instead saw '=='                eqeqeq
  Line 81:  Expected '!==' and instead saw '!='                eqeqeq

./src/components/Modal/Modal.js
  Line 18:  'show' is assigned a value but never used  no-unused-vars
  Line 28:  Expected '===' and instead saw '=='        eqeqeq

Search for the keywords to learn more about each warning.
To ignore, add // eslint-disable-next-line to the line before.

Compiling...
Compiled with warnings.

./src/index.js
  Line 11:  'AsyncDropdowns' is assigned a value but never used    no-unused-vars
  Line 12:  'AsyncRangePicker' is assigned a value but never used  no-unused-vars
  Line 13:  'AsyncInput' is assigned a value but never used        no-unused-vars
  Line 14:  'AsyncCalendar' is assigned a value but never used     no-unused-vars
  Line 15:  'AsyncChart' is assigned a value but never used        no-unused-vars
  Line 16:  'AsyncLayout' is assigned a value but never used       no-unused-vars

./src/App.js
  Line 6:  'Footer' is defined but never used  no-unused-vars

./src/pages/DashboardPage/Dashboard.js
  Line 3:    'LineChartComponent' is defined but never used  no-unused-vars
  Line 4:    'FullCalendar' is defined but never used        no-unused-vars
  Line 481:  Expected '===' and instead saw '=='             eqeqeq
  Line 537:  Expected '===' and instead saw '=='             eqeqeq
  Line 538:  Expected '===' and instead saw '=='             eqeqeq
  Line 539:  Expected '===' and instead saw '=='             eqeqeq

./src/components/TopMenu/TopMenu.js
  Line 3:  'Dropdown' is defined but never used      no-unused-vars
  Line 5:  'MyMenu' is defined but never used        no-unused-vars
  Line 6:  'Notification' is defined but never used  no-unused-vars

./src/components/Calendar/FullCalendar.js
  Line 1:  'useState' is defined but never used  no-unused-vars
  Line 6:  'events' is defined but never used    no-unused-vars

./src/components/ScatterPlot/ScatterPlot.js
  Line 1:   'useState' is defined but never used            no-unused-vars
  Line 2:   'area' is defined but never used                no-unused-vars
  Line 3:   'ScatterPlot' is defined but never used         no-unused-vars
  Line 4:   'Bar' is defined but never used                 no-unused-vars
  Line 6:   'barColor' is assigned a value but never used   no-unused-vars
  Line 8:   'areaColor' is assigned a value but never used  no-unused-vars
  Line 21:  Expected '===' and instead saw '=='             eqeqeq
  Line 27:  Expected '===' and instead saw '=='             eqeqeq
  Line 33:  Expected '===' and instead saw '=='             eqeqeq
  Line 46:  Expected '===' and instead saw '=='             eqeqeq
  Line 59:  Expected '===' and instead saw '=='             eqeqeq
  Line 72:  Expected '===' and instead saw '=='             eqeqeq

./src/components/MultipleDropdown/MultipleDropdown.js
  Line 9:   'stateOptions' is assigned a value but never used  no-unused-vars
  Line 40:  Expected '===' and instead saw '=='                eqeqeq
  Line 47:  Expected '===' and instead saw '=='                eqeqeq
  Line 74:  Expected '===' and instead saw '=='                eqeqeq
  Line 81:  Expected '!==' and instead saw '!='                eqeqeq

./src/components/Modal/Modal.js
  Line 18:  'show' is assigned a value but never used  no-unused-vars
  Line 28:  Expected '===' and instead saw '=='        eqeqeq

Search for the keywords to learn more about each warning.
To ignore, add // eslint-disable-next-line to the line before.

