yarn run v1.22.10
$ npm-run-all -p watch-css start-js
$ npm run build-css && node-sass-chokidar src/ -o src/ --watch --recursive
$ node scripts/start.js

> dashboard@0.1.0 build-css /home/hicup/Documents/famnit/stm
> node-sass-chokidar --include-path ./src --include-path ./node_modules src/ -o src/

Starting the development server...

Compiled with warnings.

./src/App.js
  Line 3:  'LeftMenu' is defined but never used  no-unused-vars
  Line 6:  'Footer' is defined but never used    no-unused-vars

./src/pages/Add/Add.js
  Line 2:  'Image' is defined but never used  no-unused-vars

./src/pages/HomePage/Home.js
  Line 2:  'Image' is defined but never used  no-unused-vars

./src/pages/DropdownPage/Dropdowns.js
  Line 6:    'Divider' is defined but never used                              no-unused-vars
  Line 8:    'Icon' is defined but never used                                 no-unused-vars
  Line 11:   'DropdownSearch' is defined but never used                       no-unused-vars
  Line 12:   'DropdownButton' is defined but never used                       no-unused-vars
  Line 29:   'SingleSelectionDropdown' is defined but never used              no-unused-vars
  Line 49:   'MultipleSelectionDropdown' is assigned a value but never used   no-unused-vars
  Line 67:   'SearchableMultipleSelectionDropdown' is defined but never used  no-unused-vars
  Line 99:   'squareButtonStyle' is assigned a value but never used           no-unused-vars
  Line 103:  'roundedButtonStyle' is assigned a value but never used          no-unused-vars

./src/pages/DashboardPage/Dashboard.js
  Line 3:    'Header' is defined but never used                  no-unused-vars
  Line 10:   'LineChartComponent' is defined but never used      no-unused-vars
  Line 11:   'FullCalendar' is defined but never used            no-unused-vars
  Line 21:   'TablePopup' is defined but never used              no-unused-vars
  Line 60:   Expected '===' and instead saw '=='                 eqeqeq
  Line 92:   Expected '===' and instead saw '=='                 eqeqeq
  Line 97:   Expected '===' and instead saw '=='                 eqeqeq
  Line 340:  Expected '===' and instead saw '=='                 eqeqeq
  Line 398:  'necessaryData' is assigned a value but never used  no-unused-vars
  Line 400:  Expected '===' and instead saw '=='                 eqeqeq
  Line 401:  Expected '===' and instead saw '=='                 eqeqeq
  Line 402:  Expected '===' and instead saw '=='                 eqeqeq

./src/components/TopMenu/TopMenu.js
  Line 3:  'Dropdown' is defined but never used      no-unused-vars
  Line 3:  'Header' is defined but never used        no-unused-vars
  Line 4:  'TopSearch' is defined but never used     no-unused-vars
  Line 5:  'MyMenu' is defined but never used        no-unused-vars
  Line 6:  'Notification' is defined but never used  no-unused-vars

./src/components/Calendar/FullCalendar.js
  Line 1:  'useState' is defined but never used  no-unused-vars
  Line 6:  'events' is defined but never used    no-unused-vars

./src/components/Modal/Modal.js
  Line 18:  'show' is assigned a value but never used  no-unused-vars
  Line 28:  Expected '===' and instead saw '=='        eqeqeq

./src/components/Popup/TablePopup.js
  Line 1:  'useState' is defined but never used  no-unused-vars

./src/components/MultipleDropdown/MultipleDropdown.js
  Line 6:    'Form' is defined but never used                      no-unused-vars
  Line 11:   'options' is assigned a value but never used          no-unused-vars
  Line 20:   'stateOptions' is assigned a value but never used     no-unused-vars
  Line 77:   Expected '===' and instead saw '=='                   eqeqeq
  Line 92:   Expected '===' and instead saw '=='                   eqeqeq
  Line 96:   'filterMaterials' is assigned a value but never used  no-unused-vars
  Line 105:  'renderName' is assigned a value but never used       no-unused-vars
  Line 109:  Style prop value must be an object                    react/style-prop-object
  Line 142:  Expected '===' and instead saw '=='                   eqeqeq
  Line 149:  Expected '!==' and instead saw '!='                   eqeqeq

./src/components/Sankey/Sankey.js
  Line 3:    'render' is defined but never used                no-unused-vars
  Line 137:  Expected '===' and instead saw '=='               eqeqeq
  Line 199:  'relThickCat' is assigned a value but never used  no-unused-vars
  Line 215:  Expected '===' and instead saw '=='               eqeqeq
  Line 215:  Expected '===' and instead saw '=='               eqeqeq
  Line 233:  Expected '===' and instead saw '=='               eqeqeq
  Line 233:  Expected '===' and instead saw '=='               eqeqeq
  Line 282:  Expected '===' and instead saw '=='               eqeqeq
  Line 285:  Expected '===' and instead saw '=='               eqeqeq
  Line 288:  Expected '===' and instead saw '=='               eqeqeq
  Line 291:  Expected '===' and instead saw '=='               eqeqeq
  Line 294:  Expected '===' and instead saw '=='               eqeqeq
  Line 297:  Expected '===' and instead saw '=='               eqeqeq
  Line 304:  Expected '===' and instead saw '=='               eqeqeq
  Line 313:  Expected '===' and instead saw '=='               eqeqeq
  Line 322:  Expected '===' and instead saw '=='               eqeqeq
  Line 328:  Expected '===' and instead saw '=='               eqeqeq
  Line 333:  Expected '===' and instead saw '=='               eqeqeq
  Line 338:  Expected '===' and instead saw '=='               eqeqeq
  Line 343:  Expected '===' and instead saw '=='               eqeqeq

./src/components/ScatterPlot/ScatterPlot.js
  Line 1:    'useRef' is defined but never used                                     no-unused-vars
  Line 2:    'area' is defined but never used                                       no-unused-vars
  Line 3:    'ScatterPlot' is defined but never used                                no-unused-vars
  Line 4:    'Button' is defined but never used                                     no-unused-vars
  Line 4:    'Header' is defined but never used                                     no-unused-vars
  Line 8:    'barColor' is assigned a value but never used                          no-unused-vars
  Line 10:   'areaColor' is assigned a value but never used                         no-unused-vars
  Line 16:   Expected an assignment or function call and instead saw an expression  no-unused-expressions
  Line 16:   Unexpected use of comma operator                                       no-sequences
  Line 69:   Expected '===' and instead saw '=='                                    eqeqeq
  Line 123:  Expected '===' and instead saw '=='                                    eqeqeq
  Line 323:  Expected '===' and instead saw '=='                                    eqeqeq
  Line 324:  Expected '===' and instead saw '=='                                    eqeqeq
  Line 399:  Expected '!==' and instead saw '!='                                    eqeqeq

./src/components/SortableTable/SortableTable.js
  Line 3:    'useRef' is defined but never used    no-unused-vars
  Line 4:    'scroller' is defined but never used  no-unused-vars
  Line 242:  Expected '===' and instead saw '=='   eqeqeq
  Line 286:  Expected '===' and instead saw '=='   eqeqeq
  Line 304:  Expected '===' and instead saw '=='   eqeqeq

./src/components/ModelSelection/ModelSelection.js
  Line 1:  'useEffect' is defined but never used  no-unused-vars
  Line 2:  'FormField' is defined but never used  no-unused-vars

./src/components/Modal/ImageModal.js
  Line 3:  'Button' is defined but never used  no-unused-vars
  Line 3:  'Header' is defined but never used  no-unused-vars
  Line 3:  'Icon' is defined but never used    no-unused-vars

Search for the keywords to learn more about each warning.
To ignore, add // eslint-disable-next-line to the line before.

Compiling...
Compiled with warnings.

./src/App.js
  Line 3:  'LeftMenu' is defined but never used  no-unused-vars
  Line 6:  'Footer' is defined but never used    no-unused-vars

./src/pages/HomePage/Home.js
  Line 2:  'Image' is defined but never used  no-unused-vars

./src/pages/Add/Add.js
  Line 2:  'Image' is defined but never used  no-unused-vars

./src/pages/DashboardPage/Dashboard.js
  Line 3:    'Header' is defined but never used                  no-unused-vars
  Line 10:   'LineChartComponent' is defined but never used      no-unused-vars
  Line 11:   'FullCalendar' is defined but never used            no-unused-vars
  Line 21:   'TablePopup' is defined but never used              no-unused-vars
  Line 60:   Expected '===' and instead saw '=='                 eqeqeq
  Line 92:   Expected '===' and instead saw '=='                 eqeqeq
  Line 97:   Expected '===' and instead saw '=='                 eqeqeq
  Line 340:  Expected '===' and instead saw '=='                 eqeqeq
  Line 398:  'necessaryData' is assigned a value but never used  no-unused-vars
  Line 400:  Expected '===' and instead saw '=='                 eqeqeq
  Line 401:  Expected '===' and instead saw '=='                 eqeqeq
  Line 402:  Expected '===' and instead saw '=='                 eqeqeq

./src/pages/DropdownPage/Dropdowns.js
  Line 6:    'Divider' is defined but never used                              no-unused-vars
  Line 8:    'Icon' is defined but never used                                 no-unused-vars
  Line 11:   'DropdownSearch' is defined but never used                       no-unused-vars
  Line 12:   'DropdownButton' is defined but never used                       no-unused-vars
  Line 29:   'SingleSelectionDropdown' is defined but never used              no-unused-vars
  Line 49:   'MultipleSelectionDropdown' is assigned a value but never used   no-unused-vars
  Line 67:   'SearchableMultipleSelectionDropdown' is defined but never used  no-unused-vars
  Line 99:   'squareButtonStyle' is assigned a value but never used           no-unused-vars
  Line 103:  'roundedButtonStyle' is assigned a value but never used          no-unused-vars

./src/components/TopMenu/TopMenu.js
  Line 3:  'Dropdown' is defined but never used      no-unused-vars
  Line 3:  'Header' is defined but never used        no-unused-vars
  Line 4:  'TopSearch' is defined but never used     no-unused-vars
  Line 5:  'MyMenu' is defined but never used        no-unused-vars
  Line 6:  'Notification' is defined but never used  no-unused-vars

./src/components/Calendar/FullCalendar.js
  Line 1:  'useState' is defined but never used  no-unused-vars
  Line 6:  'events' is defined but never used    no-unused-vars

./src/components/ScatterPlot/ScatterPlot.js
  Line 1:    'useRef' is defined but never used                                     no-unused-vars
  Line 2:    'area' is defined but never used                                       no-unused-vars
  Line 3:    'ScatterPlot' is defined but never used                                no-unused-vars
  Line 4:    'Button' is defined but never used                                     no-unused-vars
  Line 4:    'Header' is defined but never used                                     no-unused-vars
  Line 8:    'barColor' is assigned a value but never used                          no-unused-vars
  Line 10:   'areaColor' is assigned a value but never used                         no-unused-vars
  Line 16:   Expected an assignment or function call and instead saw an expression  no-unused-expressions
  Line 16:   Unexpected use of comma operator                                       no-sequences
  Line 69:   Expected '===' and instead saw '=='                                    eqeqeq
  Line 123:  Expected '===' and instead saw '=='                                    eqeqeq
  Line 323:  Expected '===' and instead saw '=='                                    eqeqeq
  Line 324:  Expected '===' and instead saw '=='                                    eqeqeq
  Line 399:  Expected '!==' and instead saw '!='                                    eqeqeq

./src/components/Sankey/Sankey.js
  Line 3:    'render' is defined but never used                no-unused-vars
  Line 137:  Expected '===' and instead saw '=='               eqeqeq
  Line 199:  'relThickCat' is assigned a value but never used  no-unused-vars
  Line 215:  Expected '===' and instead saw '=='               eqeqeq
  Line 215:  Expected '===' and instead saw '=='               eqeqeq
  Line 233:  Expected '===' and instead saw '=='               eqeqeq
  Line 233:  Expected '===' and instead saw '=='               eqeqeq
  Line 282:  Expected '===' and instead saw '=='               eqeqeq
  Line 285:  Expected '===' and instead saw '=='               eqeqeq
  Line 288:  Expected '===' and instead saw '=='               eqeqeq
  Line 291:  Expected '===' and instead saw '=='               eqeqeq
  Line 294:  Expected '===' and instead saw '=='               eqeqeq
  Line 297:  Expected '===' and instead saw '=='               eqeqeq
  Line 304:  Expected '===' and instead saw '=='               eqeqeq
  Line 313:  Expected '===' and instead saw '=='               eqeqeq
  Line 322:  Expected '===' and instead saw '=='               eqeqeq
  Line 328:  Expected '===' and instead saw '=='               eqeqeq
  Line 333:  Expected '===' and instead saw '=='               eqeqeq
  Line 338:  Expected '===' and instead saw '=='               eqeqeq
  Line 343:  Expected '===' and instead saw '=='               eqeqeq

./src/components/MultipleDropdown/MultipleDropdown.js
  Line 6:    'Form' is defined but never used                      no-unused-vars
  Line 11:   'options' is assigned a value but never used          no-unused-vars
  Line 20:   'stateOptions' is assigned a value but never used     no-unused-vars
  Line 77:   Expected '===' and instead saw '=='                   eqeqeq
  Line 92:   Expected '===' and instead saw '=='                   eqeqeq
  Line 96:   'filterMaterials' is assigned a value but never used  no-unused-vars
  Line 105:  'renderName' is assigned a value but never used       no-unused-vars
  Line 109:  Style prop value must be an object                    react/style-prop-object
  Line 142:  Expected '===' and instead saw '=='                   eqeqeq
  Line 149:  Expected '!==' and instead saw '!='                   eqeqeq

./src/components/SortableTable/SortableTable.js
  Line 3:    'useRef' is defined but never used    no-unused-vars
  Line 4:    'scroller' is defined but never used  no-unused-vars
  Line 242:  Expected '===' and instead saw '=='   eqeqeq
  Line 286:  Expected '===' and instead saw '=='   eqeqeq
  Line 304:  Expected '===' and instead saw '=='   eqeqeq

./src/components/Popup/TablePopup.js
  Line 1:  'useState' is defined but never used  no-unused-vars

./src/components/Modal/Modal.js
  Line 18:  'show' is assigned a value but never used  no-unused-vars
  Line 28:  Expected '===' and instead saw '=='        eqeqeq

./src/components/ModelSelection/ModelSelection.js
  Line 1:  'useEffect' is defined but never used  no-unused-vars
  Line 2:  'FormField' is defined but never used  no-unused-vars

./src/components/Modal/ImageModal.js
  Line 3:  'Button' is defined but never used  no-unused-vars
  Line 3:  'Header' is defined but never used  no-unused-vars
  Line 3:  'Icon' is defined but never used    no-unused-vars

Search for the keywords to learn more about each warning.
To ignore, add // eslint-disable-next-line to the line before.

Compiling...
Compiled with warnings.

./src/App.js
  Line 3:  'LeftMenu' is defined but never used  no-unused-vars
  Line 6:  'Footer' is defined but never used    no-unused-vars

./src/pages/HomePage/Home.js
  Line 2:  'Image' is defined but never used  no-unused-vars

./src/pages/Add/Add.js
  Line 2:  'Image' is defined but never used  no-unused-vars

./src/pages/DropdownPage/Dropdowns.js
  Line 6:    'Divider' is defined but never used                              no-unused-vars
  Line 8:    'Icon' is defined but never used                                 no-unused-vars
  Line 11:   'DropdownSearch' is defined but never used                       no-unused-vars
  Line 12:   'DropdownButton' is defined but never used                       no-unused-vars
  Line 29:   'SingleSelectionDropdown' is defined but never used              no-unused-vars
  Line 49:   'MultipleSelectionDropdown' is assigned a value but never used   no-unused-vars
  Line 67:   'SearchableMultipleSelectionDropdown' is defined but never used  no-unused-vars
  Line 99:   'squareButtonStyle' is assigned a value but never used           no-unused-vars
  Line 103:  'roundedButtonStyle' is assigned a value but never used          no-unused-vars

./src/components/TopMenu/TopMenu.js
  Line 3:  'Dropdown' is defined but never used      no-unused-vars
  Line 3:  'Header' is defined but never used        no-unused-vars
  Line 4:  'TopSearch' is defined but never used     no-unused-vars
  Line 5:  'MyMenu' is defined but never used        no-unused-vars
  Line 6:  'Notification' is defined but never used  no-unused-vars

./src/components/Calendar/FullCalendar.js
  Line 1:  'useState' is defined but never used  no-unused-vars
  Line 6:  'events' is defined but never used    no-unused-vars

./src/components/Modal/Modal.js
  Line 18:  'show' is assigned a value but never used  no-unused-vars
  Line 28:  Expected '===' and instead saw '=='        eqeqeq

./src/pages/DashboardPage/Dashboard.js
  Line 3:    'Header' is defined but never used                  no-unused-vars
  Line 9:    'LineChartComponent' is defined but never used      no-unused-vars
  Line 10:   'FullCalendar' is defined but never used            no-unused-vars
  Line 20:   'TablePopup' is defined but never used              no-unused-vars
  Line 59:   Expected '===' and instead saw '=='                 eqeqeq
  Line 91:   Expected '===' and instead saw '=='                 eqeqeq
  Line 96:   Expected '===' and instead saw '=='                 eqeqeq
  Line 311:  Expected '===' and instead saw '=='                 eqeqeq
  Line 369:  'necessaryData' is assigned a value but never used  no-unused-vars
  Line 371:  Expected '===' and instead saw '=='                 eqeqeq
  Line 372:  Expected '===' and instead saw '=='                 eqeqeq
  Line 373:  Expected '===' and instead saw '=='                 eqeqeq

./src/components/ScatterPlot/ScatterPlot.js
  Line 1:    'useRef' is defined but never used                                     no-unused-vars
  Line 2:    'area' is defined but never used                                       no-unused-vars
  Line 3:    'ScatterPlot' is defined but never used                                no-unused-vars
  Line 4:    'Button' is defined but never used                                     no-unused-vars
  Line 4:    'Header' is defined but never used                                     no-unused-vars
  Line 8:    'barColor' is assigned a value but never used                          no-unused-vars
  Line 10:   'areaColor' is assigned a value but never used                         no-unused-vars
  Line 16:   Expected an assignment or function call and instead saw an expression  no-unused-expressions
  Line 16:   Unexpected use of comma operator                                       no-sequences
  Line 69:   Expected '===' and instead saw '=='                                    eqeqeq
  Line 123:  Expected '===' and instead saw '=='                                    eqeqeq
  Line 323:  Expected '===' and instead saw '=='                                    eqeqeq
  Line 324:  Expected '===' and instead saw '=='                                    eqeqeq
  Line 399:  Expected '!==' and instead saw '!='                                    eqeqeq

./src/components/Sankey/Sankey.js
  Line 3:    'render' is defined but never used                no-unused-vars
  Line 137:  Expected '===' and instead saw '=='               eqeqeq
  Line 199:  'relThickCat' is assigned a value but never used  no-unused-vars
  Line 215:  Expected '===' and instead saw '=='               eqeqeq
  Line 215:  Expected '===' and instead saw '=='               eqeqeq
  Line 233:  Expected '===' and instead saw '=='               eqeqeq
  Line 233:  Expected '===' and instead saw '=='               eqeqeq
  Line 282:  Expected '===' and instead saw '=='               eqeqeq
  Line 285:  Expected '===' and instead saw '=='               eqeqeq
  Line 288:  Expected '===' and instead saw '=='               eqeqeq
  Line 291:  Expected '===' and instead saw '=='               eqeqeq
  Line 294:  Expected '===' and instead saw '=='               eqeqeq
  Line 297:  Expected '===' and instead saw '=='               eqeqeq
  Line 304:  Expected '===' and instead saw '=='               eqeqeq
  Line 313:  Expected '===' and instead saw '=='               eqeqeq
  Line 322:  Expected '===' and instead saw '=='               eqeqeq
  Line 328:  Expected '===' and instead saw '=='               eqeqeq
  Line 333:  Expected '===' and instead saw '=='               eqeqeq
  Line 338:  Expected '===' and instead saw '=='               eqeqeq
  Line 343:  Expected '===' and instead saw '=='               eqeqeq

./src/components/MultipleDropdown/MultipleDropdown.js
  Line 6:    'Form' is defined but never used                      no-unused-vars
  Line 11:   'options' is assigned a value but never used          no-unused-vars
  Line 20:   'stateOptions' is assigned a value but never used     no-unused-vars
  Line 77:   Expected '===' and instead saw '=='                   eqeqeq
  Line 92:   Expected '===' and instead saw '=='                   eqeqeq
  Line 96:   'filterMaterials' is assigned a value but never used  no-unused-vars
  Line 105:  'renderName' is assigned a value but never used       no-unused-vars
  Line 109:  Style prop value must be an object                    react/style-prop-object
  Line 142:  Expected '===' and instead saw '=='                   eqeqeq
  Line 149:  Expected '!==' and instead saw '!='                   eqeqeq

./src/components/SortableTable/SortableTable.js
  Line 3:    'useRef' is defined but never used    no-unused-vars
  Line 4:    'scroller' is defined but never used  no-unused-vars
  Line 242:  Expected '===' and instead saw '=='   eqeqeq
  Line 286:  Expected '===' and instead saw '=='   eqeqeq
  Line 304:  Expected '===' and instead saw '=='   eqeqeq

./src/components/Popup/TablePopup.js
  Line 1:  'useState' is defined but never used  no-unused-vars

./src/components/ModelSelection/ModelSelection.js
  Line 1:  'useEffect' is defined but never used  no-unused-vars
  Line 2:  'FormField' is defined but never used  no-unused-vars

./src/components/Modal/ImageModal.js
  Line 3:  'Button' is defined but never used  no-unused-vars
  Line 3:  'Header' is defined but never used  no-unused-vars
  Line 3:  'Icon' is defined but never used    no-unused-vars

Search for the keywords to learn more about each warning.
To ignore, add // eslint-disable-next-line to the line before.

